<?xml version="1.0" encoding="UTF-8"?>
<robot generator="Robot 3.2.2 (Python 3.9.4 on darwin)" generated="20210627 20:07:20.916" rpa="false">
<suite id="s1" name="LoginPage" source="/Users/macbook/Desktop/Erhan/PembePanjur/TestCases/LoginPage.robot">
<test id="s1-t1" name="Successfully login with correct username and password">
<kw name="User goes to login page" library="LoginPageKeywords">
<kw name="Run Keyword If" library="BuiltIn">
<doc>Runs the given keyword with the given arguments, if ``condition`` is true.</doc>
<arguments>
<arg>'${BROWSER}'=='chrome'</arg>
<arg>Run Keywords</arg>
<arg>Open Browser</arg>
<arg>${URL}</arg>
<arg>${BROWSER}</arg>
<arg>AND</arg>
<arg>Maximize Browser Window</arg>
<arg>AND</arg>
<arg>Set Window Size</arg>
<arg>1920</arg>
<arg>1080</arg>
<arg>AND</arg>
<arg>Set Browser Implicit Wait</arg>
<arg>2</arg>
<arg>AND</arg>
<arg>Delete All Cookies</arg>
<arg>ELSE IF</arg>
<arg>'${BROWSER}'=='headlesschrome'</arg>
<arg>Run Keywords</arg>
<arg>AND</arg>
<arg>Open Browser</arg>
<arg>${TEST_URL}</arg>
<arg>${BROWSER}</arg>
<arg>Start Virtual Display</arg>
<arg>1920</arg>
<arg>1080</arg>
<arg>AND</arg>
<arg>Set Browser Implicit Wait</arg>
<arg>2</arg>
</arguments>
<kw name="Run Keywords" library="BuiltIn">
<doc>Executes all the given keywords in a sequence.</doc>
<arguments>
<arg>Open Browser</arg>
<arg>${URL}</arg>
<arg>${BROWSER}</arg>
<arg>AND</arg>
<arg>Maximize Browser Window</arg>
<arg>AND</arg>
<arg>Set Window Size</arg>
<arg>1920</arg>
<arg>1080</arg>
<arg>AND</arg>
<arg>Set Browser Implicit Wait</arg>
<arg>2</arg>
<arg>AND</arg>
<arg>Delete All Cookies</arg>
</arguments>
<kw name="Open Browser" library="SeleniumLibrary">
<doc>Opens a new browser instance to the optional ``url``.</doc>
<arguments>
<arg>${URL}</arg>
<arg>${BROWSER}</arg>
</arguments>
<msg timestamp="20210627 20:07:21.095" level="INFO">Opening browser 'chrome' to base url 'https://www.pembepanjur.com/giris'.</msg>
<status status="PASS" starttime="20210627 20:07:21.095" endtime="20210627 20:07:24.253"></status>
</kw>
<kw name="Maximize Browser Window" library="SeleniumLibrary">
<doc>Maximizes current browser window.</doc>
<status status="PASS" starttime="20210627 20:07:24.254" endtime="20210627 20:07:24.440"></status>
</kw>
<kw name="Set Window Size" library="SeleniumLibrary">
<doc>Sets current windows size to given ``width`` and ``height``.</doc>
<arguments>
<arg>1920</arg>
<arg>1080</arg>
</arguments>
<status status="PASS" starttime="20210627 20:07:24.440" endtime="20210627 20:07:24.549"></status>
</kw>
<kw name="Set Browser Implicit Wait" library="SeleniumLibrary">
<doc>Sets the implicit wait value used by Selenium.</doc>
<arguments>
<arg>2</arg>
</arguments>
<status status="PASS" starttime="20210627 20:07:24.549" endtime="20210627 20:07:24.551"></status>
</kw>
<kw name="Delete All Cookies" library="SeleniumLibrary">
<doc>Deletes all cookies.</doc>
<status status="PASS" starttime="20210627 20:07:24.551" endtime="20210627 20:07:24.577"></status>
</kw>
<status status="PASS" starttime="20210627 20:07:21.095" endtime="20210627 20:07:24.577"></status>
</kw>
<status status="PASS" starttime="20210627 20:07:21.094" endtime="20210627 20:07:24.577"></status>
</kw>
<status status="PASS" starttime="20210627 20:07:21.093" endtime="20210627 20:07:24.578"></status>
</kw>
<kw name="User fills username textbox with &quot;sinanulug@outlook.com&quot;" library="LoginPageKeywords">
<kw name="Input Text" library="SeleniumLibrary">
<doc>Types the given ``text`` into the text field identified by ``locator``.</doc>
<arguments>
<arg>${Email}</arg>
<arg>${ValidUser}</arg>
</arguments>
<msg timestamp="20210627 20:07:24.579" level="INFO">Typing text 'sinanulug@outlook.com' into text field 'xpath://*[@id="email"]'.</msg>
<status status="PASS" starttime="20210627 20:07:24.578" endtime="20210627 20:07:24.679"></status>
</kw>
<status status="PASS" starttime="20210627 20:07:24.578" endtime="20210627 20:07:24.680"></status>
</kw>
<kw name="User fills password textbox with &quot;Testotomasyon&quot;" library="LoginPageKeywords">
<kw name="Input Text" library="SeleniumLibrary">
<doc>Types the given ``text`` into the text field identified by ``locator``.</doc>
<arguments>
<arg>${Password}</arg>
<arg>${ValidPassword}</arg>
</arguments>
<msg timestamp="20210627 20:07:24.681" level="INFO">Typing text 'Testotomasyon' into text field 'xpath://*[@id="password"]'.</msg>
<status status="PASS" starttime="20210627 20:07:24.680" endtime="20210627 20:07:24.744"></status>
</kw>
<status status="PASS" starttime="20210627 20:07:24.680" endtime="20210627 20:07:24.744"></status>
</kw>
<kw name="User clicks login button" library="LoginPageKeywords">
<kw name="Click Element" library="SeleniumLibrary">
<doc>Click the element identified by ``locator``.</doc>
<arguments>
<arg>${LoginButton}</arg>
</arguments>
<msg timestamp="20210627 20:07:24.744" level="INFO">Clicking element 'xpath://*[@id="form1"]/div[4]/input'.</msg>
<status status="PASS" starttime="20210627 20:07:24.744" endtime="20210627 20:07:26.427"></status>
</kw>
<status status="PASS" starttime="20210627 20:07:24.744" endtime="20210627 20:07:26.428"></status>
</kw>
<kw name="User should see welcoming text" library="LoginPageKeywords">
<kw name="Page Should Contain" library="SeleniumLibrary">
<doc>Verifies that current page contains ``text``.</doc>
<arguments>
<arg>Hoşgeldin</arg>
</arguments>
<msg timestamp="20210627 20:07:26.522" level="INFO">Current page contains text 'Hoşgeldin'.</msg>
<status status="PASS" starttime="20210627 20:07:26.429" endtime="20210627 20:07:26.523"></status>
</kw>
<kw name="Sleep" library="BuiltIn">
<doc>Pauses the test executed for the given time.</doc>
<arguments>
<arg>5</arg>
</arguments>
<msg timestamp="20210627 20:07:31.524" level="INFO">Slept 5 seconds</msg>
<status status="PASS" starttime="20210627 20:07:26.523" endtime="20210627 20:07:31.524"></status>
</kw>
<status status="PASS" starttime="20210627 20:07:26.428" endtime="20210627 20:07:31.525"></status>
</kw>
<kw name="Close Browser" library="SeleniumLibrary" type="teardown">
<doc>Closes the current browser.</doc>
<status status="PASS" starttime="20210627 20:07:31.525" endtime="20210627 20:07:31.624"></status>
</kw>
<status status="PASS" starttime="20210627 20:07:21.092" endtime="20210627 20:07:31.624" critical="yes"></status>
</test>
<test id="s1-t2" name="Login with correct username and incorrect password">
<kw name="User goes to login page" library="LoginPageKeywords">
<kw name="Run Keyword If" library="BuiltIn">
<doc>Runs the given keyword with the given arguments, if ``condition`` is true.</doc>
<arguments>
<arg>'${BROWSER}'=='chrome'</arg>
<arg>Run Keywords</arg>
<arg>Open Browser</arg>
<arg>${URL}</arg>
<arg>${BROWSER}</arg>
<arg>AND</arg>
<arg>Maximize Browser Window</arg>
<arg>AND</arg>
<arg>Set Window Size</arg>
<arg>1920</arg>
<arg>1080</arg>
<arg>AND</arg>
<arg>Set Browser Implicit Wait</arg>
<arg>2</arg>
<arg>AND</arg>
<arg>Delete All Cookies</arg>
<arg>ELSE IF</arg>
<arg>'${BROWSER}'=='headlesschrome'</arg>
<arg>Run Keywords</arg>
<arg>AND</arg>
<arg>Open Browser</arg>
<arg>${TEST_URL}</arg>
<arg>${BROWSER}</arg>
<arg>Start Virtual Display</arg>
<arg>1920</arg>
<arg>1080</arg>
<arg>AND</arg>
<arg>Set Browser Implicit Wait</arg>
<arg>2</arg>
</arguments>
<kw name="Run Keywords" library="BuiltIn">
<doc>Executes all the given keywords in a sequence.</doc>
<arguments>
<arg>Open Browser</arg>
<arg>${URL}</arg>
<arg>${BROWSER}</arg>
<arg>AND</arg>
<arg>Maximize Browser Window</arg>
<arg>AND</arg>
<arg>Set Window Size</arg>
<arg>1920</arg>
<arg>1080</arg>
<arg>AND</arg>
<arg>Set Browser Implicit Wait</arg>
<arg>2</arg>
<arg>AND</arg>
<arg>Delete All Cookies</arg>
</arguments>
<kw name="Open Browser" library="SeleniumLibrary">
<doc>Opens a new browser instance to the optional ``url``.</doc>
<arguments>
<arg>${URL}</arg>
<arg>${BROWSER}</arg>
</arguments>
<msg timestamp="20210627 20:07:31.627" level="INFO">Opening browser 'chrome' to base url 'https://www.pembepanjur.com/giris'.</msg>
<status status="PASS" starttime="20210627 20:07:31.627" endtime="20210627 20:07:34.723"></status>
</kw>
<kw name="Maximize Browser Window" library="SeleniumLibrary">
<doc>Maximizes current browser window.</doc>
<status status="PASS" starttime="20210627 20:07:34.723" endtime="20210627 20:07:34.908"></status>
</kw>
<kw name="Set Window Size" library="SeleniumLibrary">
<doc>Sets current windows size to given ``width`` and ``height``.</doc>
<arguments>
<arg>1920</arg>
<arg>1080</arg>
</arguments>
<status status="PASS" starttime="20210627 20:07:34.908" endtime="20210627 20:07:35.017"></status>
</kw>
<kw name="Set Browser Implicit Wait" library="SeleniumLibrary">
<doc>Sets the implicit wait value used by Selenium.</doc>
<arguments>
<arg>2</arg>
</arguments>
<status status="PASS" starttime="20210627 20:07:35.017" endtime="20210627 20:07:35.019"></status>
</kw>
<kw name="Delete All Cookies" library="SeleniumLibrary">
<doc>Deletes all cookies.</doc>
<status status="PASS" starttime="20210627 20:07:35.019" endtime="20210627 20:07:35.045"></status>
</kw>
<status status="PASS" starttime="20210627 20:07:31.626" endtime="20210627 20:07:35.045"></status>
</kw>
<status status="PASS" starttime="20210627 20:07:31.626" endtime="20210627 20:07:35.045"></status>
</kw>
<status status="PASS" starttime="20210627 20:07:31.626" endtime="20210627 20:07:35.046"></status>
</kw>
<kw name="User fills username textbox with &quot;sinanulug@outlook.com&quot;" library="LoginPageKeywords">
<kw name="Input Text" library="SeleniumLibrary">
<doc>Types the given ``text`` into the text field identified by ``locator``.</doc>
<arguments>
<arg>${Email}</arg>
<arg>${ValidUser}</arg>
</arguments>
<msg timestamp="20210627 20:07:35.047" level="INFO">Typing text 'sinanulug@outlook.com' into text field 'xpath://*[@id="email"]'.</msg>
<status status="PASS" starttime="20210627 20:07:35.046" endtime="20210627 20:07:35.147"></status>
</kw>
<status status="PASS" starttime="20210627 20:07:35.046" endtime="20210627 20:07:35.147"></status>
</kw>
<kw name="User fills password textbox with &quot;yanlışşifre&quot;" library="LoginPageKeywords">
<kw name="Input Text" library="SeleniumLibrary">
<doc>Types the given ``text`` into the text field identified by ``locator``.</doc>
<arguments>
<arg>${Password}</arg>
<arg>${ValidPassword}</arg>
</arguments>
<msg timestamp="20210627 20:07:35.148" level="INFO">Typing text 'yanlışşifre' into text field 'xpath://*[@id="password"]'.</msg>
<status status="PASS" starttime="20210627 20:07:35.148" endtime="20210627 20:07:35.209"></status>
</kw>
<status status="PASS" starttime="20210627 20:07:35.147" endtime="20210627 20:07:35.209"></status>
</kw>
<kw name="User clicks login button" library="LoginPageKeywords">
<kw name="Click Element" library="SeleniumLibrary">
<doc>Click the element identified by ``locator``.</doc>
<arguments>
<arg>${LoginButton}</arg>
</arguments>
<msg timestamp="20210627 20:07:35.210" level="INFO">Clicking element 'xpath://*[@id="form1"]/div[4]/input'.</msg>
<status status="PASS" starttime="20210627 20:07:35.209" endtime="20210627 20:07:36.787"></status>
</kw>
<status status="PASS" starttime="20210627 20:07:35.209" endtime="20210627 20:07:36.787"></status>
</kw>
<kw name="User should see &quot;Hatalı şifre.&quot; text on page" library="LoginPageKeywords">
<kw name="Page Should Contain" library="SeleniumLibrary">
<doc>Verifies that current page contains ``text``.</doc>
<arguments>
<arg>Hatalı şifre.</arg>
</arguments>
<msg timestamp="20210627 20:07:36.799" level="INFO">Current page contains text 'Hatalı şifre.'.</msg>
<status status="PASS" starttime="20210627 20:07:36.788" endtime="20210627 20:07:36.799"></status>
</kw>
<kw name="Sleep" library="BuiltIn">
<doc>Pauses the test executed for the given time.</doc>
<arguments>
<arg>5</arg>
</arguments>
<msg timestamp="20210627 20:07:41.799" level="INFO">Slept 5 seconds</msg>
<status status="PASS" starttime="20210627 20:07:36.799" endtime="20210627 20:07:41.800"></status>
</kw>
<status status="PASS" starttime="20210627 20:07:36.788" endtime="20210627 20:07:41.800"></status>
</kw>
<kw name="Close Browser" library="SeleniumLibrary" type="teardown">
<doc>Closes the current browser.</doc>
<status status="PASS" starttime="20210627 20:07:41.801" endtime="20210627 20:07:41.882"></status>
</kw>
<status status="PASS" starttime="20210627 20:07:31.625" endtime="20210627 20:07:41.882" critical="yes"></status>
</test>
<test id="s1-t3" name="Login with non-registered user">
<kw name="User goes to login page" library="LoginPageKeywords">
<kw name="Run Keyword If" library="BuiltIn">
<doc>Runs the given keyword with the given arguments, if ``condition`` is true.</doc>
<arguments>
<arg>'${BROWSER}'=='chrome'</arg>
<arg>Run Keywords</arg>
<arg>Open Browser</arg>
<arg>${URL}</arg>
<arg>${BROWSER}</arg>
<arg>AND</arg>
<arg>Maximize Browser Window</arg>
<arg>AND</arg>
<arg>Set Window Size</arg>
<arg>1920</arg>
<arg>1080</arg>
<arg>AND</arg>
<arg>Set Browser Implicit Wait</arg>
<arg>2</arg>
<arg>AND</arg>
<arg>Delete All Cookies</arg>
<arg>ELSE IF</arg>
<arg>'${BROWSER}'=='headlesschrome'</arg>
<arg>Run Keywords</arg>
<arg>AND</arg>
<arg>Open Browser</arg>
<arg>${TEST_URL}</arg>
<arg>${BROWSER}</arg>
<arg>Start Virtual Display</arg>
<arg>1920</arg>
<arg>1080</arg>
<arg>AND</arg>
<arg>Set Browser Implicit Wait</arg>
<arg>2</arg>
</arguments>
<kw name="Run Keywords" library="BuiltIn">
<doc>Executes all the given keywords in a sequence.</doc>
<arguments>
<arg>Open Browser</arg>
<arg>${URL}</arg>
<arg>${BROWSER}</arg>
<arg>AND</arg>
<arg>Maximize Browser Window</arg>
<arg>AND</arg>
<arg>Set Window Size</arg>
<arg>1920</arg>
<arg>1080</arg>
<arg>AND</arg>
<arg>Set Browser Implicit Wait</arg>
<arg>2</arg>
<arg>AND</arg>
<arg>Delete All Cookies</arg>
</arguments>
<kw name="Open Browser" library="SeleniumLibrary">
<doc>Opens a new browser instance to the optional ``url``.</doc>
<arguments>
<arg>${URL}</arg>
<arg>${BROWSER}</arg>
</arguments>
<msg timestamp="20210627 20:07:41.885" level="INFO">Opening browser 'chrome' to base url 'https://www.pembepanjur.com/giris'.</msg>
<status status="PASS" starttime="20210627 20:07:41.885" endtime="20210627 20:07:44.776"></status>
</kw>
<kw name="Maximize Browser Window" library="SeleniumLibrary">
<doc>Maximizes current browser window.</doc>
<status status="PASS" starttime="20210627 20:07:44.777" endtime="20210627 20:07:44.960"></status>
</kw>
<kw name="Set Window Size" library="SeleniumLibrary">
<doc>Sets current windows size to given ``width`` and ``height``.</doc>
<arguments>
<arg>1920</arg>
<arg>1080</arg>
</arguments>
<status status="PASS" starttime="20210627 20:07:44.960" endtime="20210627 20:07:45.068"></status>
</kw>
<kw name="Set Browser Implicit Wait" library="SeleniumLibrary">
<doc>Sets the implicit wait value used by Selenium.</doc>
<arguments>
<arg>2</arg>
</arguments>
<status status="PASS" starttime="20210627 20:07:45.069" endtime="20210627 20:07:45.070"></status>
</kw>
<kw name="Delete All Cookies" library="SeleniumLibrary">
<doc>Deletes all cookies.</doc>
<status status="PASS" starttime="20210627 20:07:45.070" endtime="20210627 20:07:45.098"></status>
</kw>
<status status="PASS" starttime="20210627 20:07:41.884" endtime="20210627 20:07:45.098"></status>
</kw>
<status status="PASS" starttime="20210627 20:07:41.884" endtime="20210627 20:07:45.098"></status>
</kw>
<status status="PASS" starttime="20210627 20:07:41.883" endtime="20210627 20:07:45.098"></status>
</kw>
<kw name="User fills username textbox with &quot;sinan.ulug@outlook.com&quot;" library="LoginPageKeywords">
<kw name="Input Text" library="SeleniumLibrary">
<doc>Types the given ``text`` into the text field identified by ``locator``.</doc>
<arguments>
<arg>${Email}</arg>
<arg>${ValidUser}</arg>
</arguments>
<msg timestamp="20210627 20:07:45.099" level="INFO">Typing text 'sinan.ulug@outlook.com' into text field 'xpath://*[@id="email"]'.</msg>
<status status="PASS" starttime="20210627 20:07:45.099" endtime="20210627 20:07:45.197"></status>
</kw>
<status status="PASS" starttime="20210627 20:07:45.098" endtime="20210627 20:07:45.198"></status>
</kw>
<kw name="User fills password textbox with &quot;sifre123&quot;" library="LoginPageKeywords">
<kw name="Input Text" library="SeleniumLibrary">
<doc>Types the given ``text`` into the text field identified by ``locator``.</doc>
<arguments>
<arg>${Password}</arg>
<arg>${ValidPassword}</arg>
</arguments>
<msg timestamp="20210627 20:07:45.199" level="INFO">Typing text 'sifre123' into text field 'xpath://*[@id="password"]'.</msg>
<status status="PASS" starttime="20210627 20:07:45.198" endtime="20210627 20:07:45.258"></status>
</kw>
<status status="PASS" starttime="20210627 20:07:45.198" endtime="20210627 20:07:45.259"></status>
</kw>
<kw name="User clicks login button" library="LoginPageKeywords">
<kw name="Click Element" library="SeleniumLibrary">
<doc>Click the element identified by ``locator``.</doc>
<arguments>
<arg>${LoginButton}</arg>
</arguments>
<msg timestamp="20210627 20:07:45.259" level="INFO">Clicking element 'xpath://*[@id="form1"]/div[4]/input'.</msg>
<status status="PASS" starttime="20210627 20:07:45.259" endtime="20210627 20:07:46.796"></status>
</kw>
<status status="PASS" starttime="20210627 20:07:45.259" endtime="20210627 20:07:46.797"></status>
</kw>
<kw name="User should see &quot;Böyle bir üye bulunamadı.&quot; text on page" library="LoginPageKeywords">
<kw name="Page Should Contain" library="SeleniumLibrary">
<doc>Verifies that current page contains ``text``.</doc>
<arguments>
<arg>Böyle bir üye bulunamadı.</arg>
</arguments>
<msg timestamp="20210627 20:07:46.808" level="INFO">Current page contains text 'Böyle bir üye bulunamadı.'.</msg>
<status status="PASS" starttime="20210627 20:07:46.797" endtime="20210627 20:07:46.808"></status>
</kw>
<kw name="Sleep" library="BuiltIn">
<doc>Pauses the test executed for the given time.</doc>
<arguments>
<arg>5</arg>
</arguments>
<msg timestamp="20210627 20:07:51.809" level="INFO">Slept 5 seconds</msg>
<status status="PASS" starttime="20210627 20:07:46.809" endtime="20210627 20:07:51.810"></status>
</kw>
<status status="PASS" starttime="20210627 20:07:46.797" endtime="20210627 20:07:51.810"></status>
</kw>
<kw name="Close Browser" library="SeleniumLibrary" type="teardown">
<doc>Closes the current browser.</doc>
<status status="PASS" starttime="20210627 20:07:51.811" endtime="20210627 20:07:51.892"></status>
</kw>
<status status="PASS" starttime="20210627 20:07:41.883" endtime="20210627 20:07:51.892" critical="yes"></status>
</test>
<test id="s1-t4" name="Login with null username and null password">
<kw name="User goes to login page" library="LoginPageKeywords">
<kw name="Run Keyword If" library="BuiltIn">
<doc>Runs the given keyword with the given arguments, if ``condition`` is true.</doc>
<arguments>
<arg>'${BROWSER}'=='chrome'</arg>
<arg>Run Keywords</arg>
<arg>Open Browser</arg>
<arg>${URL}</arg>
<arg>${BROWSER}</arg>
<arg>AND</arg>
<arg>Maximize Browser Window</arg>
<arg>AND</arg>
<arg>Set Window Size</arg>
<arg>1920</arg>
<arg>1080</arg>
<arg>AND</arg>
<arg>Set Browser Implicit Wait</arg>
<arg>2</arg>
<arg>AND</arg>
<arg>Delete All Cookies</arg>
<arg>ELSE IF</arg>
<arg>'${BROWSER}'=='headlesschrome'</arg>
<arg>Run Keywords</arg>
<arg>AND</arg>
<arg>Open Browser</arg>
<arg>${TEST_URL}</arg>
<arg>${BROWSER}</arg>
<arg>Start Virtual Display</arg>
<arg>1920</arg>
<arg>1080</arg>
<arg>AND</arg>
<arg>Set Browser Implicit Wait</arg>
<arg>2</arg>
</arguments>
<kw name="Run Keywords" library="BuiltIn">
<doc>Executes all the given keywords in a sequence.</doc>
<arguments>
<arg>Open Browser</arg>
<arg>${URL}</arg>
<arg>${BROWSER}</arg>
<arg>AND</arg>
<arg>Maximize Browser Window</arg>
<arg>AND</arg>
<arg>Set Window Size</arg>
<arg>1920</arg>
<arg>1080</arg>
<arg>AND</arg>
<arg>Set Browser Implicit Wait</arg>
<arg>2</arg>
<arg>AND</arg>
<arg>Delete All Cookies</arg>
</arguments>
<kw name="Open Browser" library="SeleniumLibrary">
<doc>Opens a new browser instance to the optional ``url``.</doc>
<arguments>
<arg>${URL}</arg>
<arg>${BROWSER}</arg>
</arguments>
<msg timestamp="20210627 20:07:51.896" level="INFO">Opening browser 'chrome' to base url 'https://www.pembepanjur.com/giris'.</msg>
<status status="PASS" starttime="20210627 20:07:51.895" endtime="20210627 20:07:54.885"></status>
</kw>
<kw name="Maximize Browser Window" library="SeleniumLibrary">
<doc>Maximizes current browser window.</doc>
<status status="PASS" starttime="20210627 20:07:54.885" endtime="20210627 20:07:55.061"></status>
</kw>
<kw name="Set Window Size" library="SeleniumLibrary">
<doc>Sets current windows size to given ``width`` and ``height``.</doc>
<arguments>
<arg>1920</arg>
<arg>1080</arg>
</arguments>
<status status="PASS" starttime="20210627 20:07:55.062" endtime="20210627 20:07:55.168"></status>
</kw>
<kw name="Set Browser Implicit Wait" library="SeleniumLibrary">
<doc>Sets the implicit wait value used by Selenium.</doc>
<arguments>
<arg>2</arg>
</arguments>
<status status="PASS" starttime="20210627 20:07:55.168" endtime="20210627 20:07:55.170"></status>
</kw>
<kw name="Delete All Cookies" library="SeleniumLibrary">
<doc>Deletes all cookies.</doc>
<status status="PASS" starttime="20210627 20:07:55.170" endtime="20210627 20:07:55.196"></status>
</kw>
<status status="PASS" starttime="20210627 20:07:51.895" endtime="20210627 20:07:55.196"></status>
</kw>
<status status="PASS" starttime="20210627 20:07:51.894" endtime="20210627 20:07:55.196"></status>
</kw>
<status status="PASS" starttime="20210627 20:07:51.894" endtime="20210627 20:07:55.196"></status>
</kw>
<kw name="User fills username textbox with &quot;&quot;" library="LoginPageKeywords">
<kw name="Input Text" library="SeleniumLibrary">
<doc>Types the given ``text`` into the text field identified by ``locator``.</doc>
<arguments>
<arg>${Email}</arg>
<arg>${ValidUser}</arg>
</arguments>
<msg timestamp="20210627 20:07:55.197" level="INFO">Typing text '' into text field 'xpath://*[@id="email"]'.</msg>
<status status="PASS" starttime="20210627 20:07:55.197" endtime="20210627 20:07:55.257"></status>
</kw>
<status status="PASS" starttime="20210627 20:07:55.196" endtime="20210627 20:07:55.257"></status>
</kw>
<kw name="User fills password textbox with &quot;&quot;" library="LoginPageKeywords">
<kw name="Input Text" library="SeleniumLibrary">
<doc>Types the given ``text`` into the text field identified by ``locator``.</doc>
<arguments>
<arg>${Password}</arg>
<arg>${ValidPassword}</arg>
</arguments>
<msg timestamp="20210627 20:07:55.258" level="INFO">Typing text '' into text field 'xpath://*[@id="password"]'.</msg>
<status status="PASS" starttime="20210627 20:07:55.258" endtime="20210627 20:07:55.312"></status>
</kw>
<status status="PASS" starttime="20210627 20:07:55.257" endtime="20210627 20:07:55.312"></status>
</kw>
<kw name="User clicks login button" library="LoginPageKeywords">
<kw name="Click Element" library="SeleniumLibrary">
<doc>Click the element identified by ``locator``.</doc>
<arguments>
<arg>${LoginButton}</arg>
</arguments>
<msg timestamp="20210627 20:07:55.313" level="INFO">Clicking element 'xpath://*[@id="form1"]/div[4]/input'.</msg>
<status status="PASS" starttime="20210627 20:07:55.313" endtime="20210627 20:07:57.853"></status>
</kw>
<status status="PASS" starttime="20210627 20:07:55.313" endtime="20210627 20:07:57.853"></status>
</kw>
<kw name="User should see &quot;E-posta boş olamaz.&quot; text on page" library="LoginPageKeywords">
<kw name="Page Should Contain" library="SeleniumLibrary">
<doc>Verifies that current page contains ``text``.</doc>
<arguments>
<arg>E-posta boş olamaz.</arg>
</arguments>
<msg timestamp="20210627 20:07:57.866" level="INFO">Current page contains text 'E-posta boş olamaz.'.</msg>
<status status="PASS" starttime="20210627 20:07:57.854" endtime="20210627 20:07:57.866"></status>
</kw>
<kw name="Sleep" library="BuiltIn">
<doc>Pauses the test executed for the given time.</doc>
<arguments>
<arg>5</arg>
</arguments>
<msg timestamp="20210627 20:08:02.868" level="INFO">Slept 5 seconds</msg>
<status status="PASS" starttime="20210627 20:07:57.867" endtime="20210627 20:08:02.868"></status>
</kw>
<status status="PASS" starttime="20210627 20:07:57.853" endtime="20210627 20:08:02.868"></status>
</kw>
<kw name="Close Browser" library="SeleniumLibrary" type="teardown">
<doc>Closes the current browser.</doc>
<status status="PASS" starttime="20210627 20:08:02.869" endtime="20210627 20:08:02.953"></status>
</kw>
<status status="PASS" starttime="20210627 20:07:51.893" endtime="20210627 20:08:02.953" critical="yes"></status>
</test>
<status status="PASS" starttime="20210627 20:07:20.918" endtime="20210627 20:08:02.954"></status>
</suite>
<statistics>
<total>
<stat pass="4" fail="0">Critical Tests</stat>
<stat pass="4" fail="0">All Tests</stat>
</total>
<tag>
</tag>
<suite>
<stat pass="4" fail="0" id="s1" name="LoginPage">LoginPage</stat>
</suite>
</statistics>
<errors>
</errors>
</robot>
