<?xml version="1.0" encoding="UTF-8"?>
<robot generator="Robot 3.2.2 (Python 3.9.4 on darwin)" generated="20210627 21:38:54.460" rpa="false">
<suite id="s1" name="HomePage" source="/Users/macbook/Desktop/Erhan/PembePanjur/TestCases/HomePage.robot">
<test id="s1-t1" name="View to home page">
<kw name="User goes to login page" library="LoginPageKeywords">
<kw name="Run Keyword If" library="BuiltIn">
<doc>Runs the given keyword with the given arguments, if ``condition`` is true.</doc>
<arguments>
<arg>'${BROWSER}'=='chrome'</arg>
<arg>Run Keywords</arg>
<arg>Open Browser</arg>
<arg>${URL}</arg>
<arg>${BROWSER}</arg>
<arg>AND</arg>
<arg>Maximize Browser Window</arg>
<arg>AND</arg>
<arg>Set Window Size</arg>
<arg>1920</arg>
<arg>1080</arg>
<arg>AND</arg>
<arg>Set Browser Implicit Wait</arg>
<arg>2</arg>
<arg>AND</arg>
<arg>Delete All Cookies</arg>
<arg>ELSE IF</arg>
<arg>'${BROWSER}'=='headlesschrome'</arg>
<arg>Run Keywords</arg>
<arg>AND</arg>
<arg>Open Browser</arg>
<arg>${TEST_URL}</arg>
<arg>${BROWSER}</arg>
<arg>Start Virtual Display</arg>
<arg>1920</arg>
<arg>1080</arg>
<arg>AND</arg>
<arg>Set Browser Implicit Wait</arg>
<arg>2</arg>
</arguments>
<kw name="Run Keywords" library="BuiltIn">
<doc>Executes all the given keywords in a sequence.</doc>
<arguments>
<arg>Open Browser</arg>
<arg>${URL}</arg>
<arg>${BROWSER}</arg>
<arg>AND</arg>
<arg>Maximize Browser Window</arg>
<arg>AND</arg>
<arg>Set Window Size</arg>
<arg>1920</arg>
<arg>1080</arg>
<arg>AND</arg>
<arg>Set Browser Implicit Wait</arg>
<arg>2</arg>
<arg>AND</arg>
<arg>Delete All Cookies</arg>
</arguments>
<kw name="Open Browser" library="SeleniumLibrary">
<doc>Opens a new browser instance to the optional ``url``.</doc>
<arguments>
<arg>${URL}</arg>
<arg>${BROWSER}</arg>
</arguments>
<msg timestamp="20210627 21:38:54.612" level="INFO">Opening browser 'chrome' to base url 'https://www.pembepanjur.com/giris'.</msg>
<status status="PASS" starttime="20210627 21:38:54.612" endtime="20210627 21:38:57.873"></status>
</kw>
<kw name="Maximize Browser Window" library="SeleniumLibrary">
<doc>Maximizes current browser window.</doc>
<status status="PASS" starttime="20210627 21:38:57.873" endtime="20210627 21:38:58.057"></status>
</kw>
<kw name="Set Window Size" library="SeleniumLibrary">
<doc>Sets current windows size to given ``width`` and ``height``.</doc>
<arguments>
<arg>1920</arg>
<arg>1080</arg>
</arguments>
<status status="PASS" starttime="20210627 21:38:58.057" endtime="20210627 21:38:58.164"></status>
</kw>
<kw name="Set Browser Implicit Wait" library="SeleniumLibrary">
<doc>Sets the implicit wait value used by Selenium.</doc>
<arguments>
<arg>2</arg>
</arguments>
<status status="PASS" starttime="20210627 21:38:58.165" endtime="20210627 21:38:58.166"></status>
</kw>
<kw name="Delete All Cookies" library="SeleniumLibrary">
<doc>Deletes all cookies.</doc>
<status status="PASS" starttime="20210627 21:38:58.166" endtime="20210627 21:38:58.217"></status>
</kw>
<status status="PASS" starttime="20210627 21:38:54.612" endtime="20210627 21:38:58.217"></status>
</kw>
<status status="PASS" starttime="20210627 21:38:54.611" endtime="20210627 21:38:58.217"></status>
</kw>
<status status="PASS" starttime="20210627 21:38:54.611" endtime="20210627 21:38:58.217"></status>
</kw>
<kw name="User fills username textbox with &quot;sinanulug@outlook.com&quot;" library="LoginPageKeywords">
<kw name="Input Text" library="SeleniumLibrary">
<doc>Types the given ``text`` into the text field identified by ``locator``.</doc>
<arguments>
<arg>${Email}</arg>
<arg>${InputUser}</arg>
</arguments>
<msg timestamp="20210627 21:38:58.218" level="INFO">Typing text 'sinanulug@outlook.com' into text field 'xpath://*[@id="email"]'.</msg>
<status status="PASS" starttime="20210627 21:38:58.218" endtime="20210627 21:38:58.320"></status>
</kw>
<status status="PASS" starttime="20210627 21:38:58.217" endtime="20210627 21:38:58.320"></status>
</kw>
<kw name="User fills password textbox with &quot;Testotomasyon&quot;" library="LoginPageKeywords">
<kw name="Input Text" library="SeleniumLibrary">
<doc>Types the given ``text`` into the text field identified by ``locator``.</doc>
<arguments>
<arg>${Password}</arg>
<arg>${InputPassword}</arg>
</arguments>
<msg timestamp="20210627 21:38:58.321" level="INFO">Typing text 'Testotomasyon' into text field 'xpath://*[@id="password"]'.</msg>
<status status="PASS" starttime="20210627 21:38:58.321" endtime="20210627 21:38:58.385"></status>
</kw>
<status status="PASS" starttime="20210627 21:38:58.321" endtime="20210627 21:38:58.385"></status>
</kw>
<kw name="User clicks login button" library="LoginPageKeywords">
<kw name="Click Element" library="SeleniumLibrary">
<doc>Click the element identified by ``locator``.</doc>
<arguments>
<arg>${LoginButton}</arg>
</arguments>
<msg timestamp="20210627 21:38:58.386" level="INFO">Clicking element 'xpath://*[@id="form1"]/div[4]/input'.</msg>
<status status="PASS" starttime="20210627 21:38:58.386" endtime="20210627 21:39:00.170"></status>
</kw>
<status status="PASS" starttime="20210627 21:38:58.385" endtime="20210627 21:39:00.171"></status>
</kw>
<kw name="User should see main titles on top" library="HomePageKeywords">
<kw name="Page Should Contain" library="SeleniumLibrary">
<doc>Verifies that current page contains ``text``.</doc>
<arguments>
<arg>Anasayfa</arg>
</arguments>
<msg timestamp="20210627 21:39:00.192" level="INFO">Current page contains text 'Anasayfa'.</msg>
<status status="PASS" starttime="20210627 21:39:00.172" endtime="20210627 21:39:00.192"></status>
</kw>
<kw name="Page Should Contain" library="SeleniumLibrary">
<doc>Verifies that current page contains ``text``.</doc>
<arguments>
<arg>Mesajlar</arg>
</arguments>
<msg timestamp="20210627 21:39:00.212" level="INFO">Current page contains text 'Mesajlar'.</msg>
<status status="PASS" starttime="20210627 21:39:00.192" endtime="20210627 21:39:00.213"></status>
</kw>
<kw name="Page Should Contain" library="SeleniumLibrary">
<doc>Verifies that current page contains ``text``.</doc>
<arguments>
<arg>Uygun Üyeler</arg>
</arguments>
<msg timestamp="20210627 21:39:00.231" level="INFO">Current page contains text 'Uygun Üyeler'.</msg>
<status status="PASS" starttime="20210627 21:39:00.213" endtime="20210627 21:39:00.232"></status>
</kw>
<kw name="Page Should Contain" library="SeleniumLibrary">
<doc>Verifies that current page contains ``text``.</doc>
<arguments>
<arg>Favorileriniz</arg>
</arguments>
<msg timestamp="20210627 21:39:00.264" level="INFO">Current page contains text 'Favorileriniz'.</msg>
<status status="PASS" starttime="20210627 21:39:00.232" endtime="20210627 21:39:00.264"></status>
</kw>
<kw name="Page Should Contain" library="SeleniumLibrary">
<doc>Verifies that current page contains ``text``.</doc>
<arguments>
<arg>Arama</arg>
</arguments>
<msg timestamp="20210627 21:39:00.283" level="INFO">Current page contains text 'Arama'.</msg>
<status status="PASS" starttime="20210627 21:39:00.264" endtime="20210627 21:39:00.283"></status>
</kw>
<kw name="Page Should Contain" library="SeleniumLibrary">
<doc>Verifies that current page contains ``text``.</doc>
<arguments>
<arg>Hesap</arg>
</arguments>
<msg timestamp="20210627 21:39:00.310" level="INFO">Current page contains text 'Hesap'.</msg>
<status status="PASS" starttime="20210627 21:39:00.283" endtime="20210627 21:39:00.310"></status>
</kw>
<kw name="Sleep" library="BuiltIn">
<doc>Pauses the test executed for the given time.</doc>
<arguments>
<arg>5</arg>
</arguments>
<msg timestamp="20210627 21:39:05.313" level="INFO">Slept 5 seconds</msg>
<status status="PASS" starttime="20210627 21:39:00.311" endtime="20210627 21:39:05.314"></status>
</kw>
<status status="PASS" starttime="20210627 21:39:00.171" endtime="20210627 21:39:05.314"></status>
</kw>
<kw name="User clicks to message button" library="HomePageKeywords">
<kw name="Click Element" library="SeleniumLibrary">
<doc>Click the element identified by ``locator``.</doc>
<arguments>
<arg>${MessageButton}</arg>
</arguments>
<msg timestamp="20210627 21:39:05.315" level="INFO">Clicking element 'xpath://div[contains(text(),'Mesajlar')]'.</msg>
<status status="PASS" starttime="20210627 21:39:05.315" endtime="20210627 21:39:05.400"></status>
</kw>
<kw name="Sleep" library="BuiltIn">
<doc>Pauses the test executed for the given time.</doc>
<arguments>
<arg>5</arg>
</arguments>
<msg timestamp="20210627 21:39:10.401" level="INFO">Slept 5 seconds</msg>
<status status="PASS" starttime="20210627 21:39:05.400" endtime="20210627 21:39:10.401"></status>
</kw>
<kw name="Page Should Contain" library="SeleniumLibrary">
<doc>Verifies that current page contains ``text``.</doc>
<arguments>
<arg>GELEN MESAJLAR:</arg>
</arguments>
<msg timestamp="20210627 21:39:10.415" level="INFO">Current page contains text 'GELEN MESAJLAR:'.</msg>
<status status="PASS" starttime="20210627 21:39:10.401" endtime="20210627 21:39:10.416"></status>
</kw>
<status status="PASS" starttime="20210627 21:39:05.314" endtime="20210627 21:39:10.416"></status>
</kw>
<kw name="User clicks to read me button" library="HomePageKeywords">
<kw name="Click Element" library="SeleniumLibrary">
<doc>Click the element identified by ``locator``.</doc>
<arguments>
<arg>${ReadMeButton}</arg>
</arguments>
<msg timestamp="20210627 21:39:10.416" level="INFO">Clicking element 'xpath://*[@id="content-to-be-blurred"]/div[2]/div[2]/div/div[2]/div/div/div[3]/div[3]/div/span'.</msg>
<status status="PASS" starttime="20210627 21:39:10.416" endtime="20210627 21:39:10.505"></status>
</kw>
<kw name="Sleep" library="BuiltIn">
<doc>Pauses the test executed for the given time.</doc>
<arguments>
<arg>3</arg>
</arguments>
<msg timestamp="20210627 21:39:13.506" level="INFO">Slept 3 seconds</msg>
<status status="PASS" starttime="20210627 21:39:10.505" endtime="20210627 21:39:13.506"></status>
</kw>
<status status="PASS" starttime="20210627 21:39:10.416" endtime="20210627 21:39:13.506"></status>
</kw>
<kw name="User should see send button" library="HomePageKeywords">
<kw name="Page Should Contain" library="SeleniumLibrary">
<doc>Verifies that current page contains ``text``.</doc>
<arguments>
<arg>Gönder</arg>
</arguments>
<msg timestamp="20210627 21:39:13.519" level="INFO">Current page contains text 'Gönder'.</msg>
<status status="PASS" starttime="20210627 21:39:13.507" endtime="20210627 21:39:13.519"></status>
</kw>
<kw name="Sleep" library="BuiltIn">
<doc>Pauses the test executed for the given time.</doc>
<arguments>
<arg>5</arg>
</arguments>
<msg timestamp="20210627 21:39:18.520" level="INFO">Slept 5 seconds</msg>
<status status="PASS" starttime="20210627 21:39:13.519" endtime="20210627 21:39:18.521"></status>
</kw>
<status status="PASS" starttime="20210627 21:39:13.507" endtime="20210627 21:39:18.521"></status>
</kw>
<kw name="User clicks to home page button" library="HomePageKeywords">
<kw name="Click Element" library="SeleniumLibrary">
<doc>Click the element identified by ``locator``.</doc>
<arguments>
<arg>${HomePageButton}</arg>
</arguments>
<msg timestamp="20210627 21:39:18.522" level="INFO">Clicking element 'xpath://div[contains(text(),'Anasayfa')]'.</msg>
<status status="PASS" starttime="20210627 21:39:18.521" endtime="20210627 21:39:18.630"></status>
</kw>
<kw name="Sleep" library="BuiltIn">
<doc>Pauses the test executed for the given time.</doc>
<arguments>
<arg>5</arg>
</arguments>
<msg timestamp="20210627 21:39:23.632" level="INFO">Slept 5 seconds</msg>
<status status="PASS" starttime="20210627 21:39:18.630" endtime="20210627 21:39:23.632"></status>
</kw>
<kw name="Page Should Contain" library="SeleniumLibrary">
<doc>Verifies that current page contains ``text``.</doc>
<arguments>
<arg>Profil Ziyaretleri</arg>
</arguments>
<msg timestamp="20210627 21:39:23.648" level="INFO">Current page contains text 'Profil Ziyaretleri'.</msg>
<status status="PASS" starttime="20210627 21:39:23.633" endtime="20210627 21:39:23.648"></status>
</kw>
<status status="PASS" starttime="20210627 21:39:18.521" endtime="20210627 21:39:23.648"></status>
</kw>
<kw name="User clicks to favourite button" library="HomePageKeywords">
<kw name="Click Element" library="SeleniumLibrary">
<doc>Click the element identified by ``locator``.</doc>
<arguments>
<arg>${FavouriteButton}</arg>
</arguments>
<msg timestamp="20210627 21:39:23.649" level="INFO">Clicking element 'xpath://a[contains(text(),'Favorileriniz:')]'.</msg>
<status status="PASS" starttime="20210627 21:39:23.649" endtime="20210627 21:39:23.741"></status>
</kw>
<kw name="Sleep" library="BuiltIn">
<doc>Pauses the test executed for the given time.</doc>
<arguments>
<arg>5</arg>
</arguments>
<msg timestamp="20210627 21:39:28.743" level="INFO">Slept 5 seconds</msg>
<status status="PASS" starttime="20210627 21:39:23.742" endtime="20210627 21:39:28.743"></status>
</kw>
<kw name="Page Should Contain" library="SeleniumLibrary">
<doc>Verifies that current page contains ``text``.</doc>
<arguments>
<arg>Hepsini Sil</arg>
</arguments>
<msg timestamp="20210627 21:39:28.756" level="INFO">Current page contains text 'Hepsini Sil'.</msg>
<status status="PASS" starttime="20210627 21:39:28.743" endtime="20210627 21:39:28.756"></status>
</kw>
<status status="PASS" starttime="20210627 21:39:23.649" endtime="20210627 21:39:28.756"></status>
</kw>
<kw name="Close Browser" library="SeleniumLibrary" type="teardown">
<doc>Closes the current browser.</doc>
<status status="PASS" starttime="20210627 21:39:28.757" endtime="20210627 21:39:28.855"></status>
</kw>
<status status="PASS" starttime="20210627 21:38:54.610" endtime="20210627 21:39:28.855" critical="yes"></status>
</test>
<status status="PASS" starttime="20210627 21:38:54.463" endtime="20210627 21:39:28.856"></status>
</suite>
<statistics>
<total>
<stat pass="1" fail="0">Critical Tests</stat>
<stat pass="1" fail="0">All Tests</stat>
</total>
<tag>
</tag>
<suite>
<stat pass="1" fail="0" id="s1" name="HomePage">HomePage</stat>
</suite>
</statistics>
<errors>
</errors>
</robot>
